<?xml version="1.0" encoding="UTF-8"?>
<!-- Generated by org.testng.reporters.JUnitReportReporter -->
<testsuite hostname="DESKTOP-TRFLG61" name="com.mycompany.autotest.TestNGTest" tests="5" failures="0" timestamp="28 Jan 2016 15:22:04 GMT" time="49.055" errors="0">
  <testcase name="test" time="9.529" classname="com.mycompany.autotest.TestNGTest"/>
  <testcase name="test" time="8.870" classname="com.mycompany.autotest.TestNGTest"/>
  <testcase name="test" time="8.930" classname="com.mycompany.autotest.TestNGTest"/>
  <testcase name="test" time="11.973" classname="com.mycompany.autotest.TestNGTest"/>
  <testcase name="test" time="9.753" classname="com.mycompany.autotest.TestNGTest"/>
</testsuite> <!-- com.mycompany.autotest.TestNGTest -->
