<?xml version="1.0" encoding="UTF-8"?>
<!-- Generated by org.testng.reporters.JUnitReportReporter -->
<testsuite hostname="ORO-PC005" name="com.mycompany.autotest.TestNGTest" tests="1" failures="0" timestamp="27 Jan 2016 10:35:53 GMT" time="0.006" errors="0">
  <testcase name="testFirstArray" time="0.006" classname="com.mycompany.autotest.TestNGTest"/>
</testsuite> <!-- com.mycompany.autotest.TestNGTest -->
