<?xml version="1.0" encoding="UTF-8"?>
<!-- Generated by org.testng.reporters.JUnitReportReporter -->
<testsuite hostname="oros-Mac-mini-3.local" name="com.mycompany.autotest.TestNGTest" tests="3" failures="0" timestamp="4 Feb 2016 10:34:04 GMT" time="15.091" errors="0">
  <testcase name="testAuto" time="8.319" classname="com.mycompany.autotest.TestNGTest"/>
  <testcase name="testAuto" time="4.144" classname="com.mycompany.autotest.TestNGTest"/>
  <testcase name="testAuto" time="2.628" classname="com.mycompany.autotest.TestNGTest"/>
</testsuite> <!-- com.mycompany.autotest.TestNGTest -->
