<?xml version="1.0" encoding="UTF-8"?>
<!-- Generated by org.testng.reporters.JUnitReportReporter -->
<testsuite hostname="oros-Mac-mini-3.local" name="com.mycompany.autotest.TestNGTest" tests="2" failures="0" timestamp="3 Feb 2016 07:38:10 GMT" time="106.918" errors="0">
  <testcase name="testAuto" time="52.809" classname="com.mycompany.autotest.TestNGTest"/>
  <testcase name="testAuto" time="54.109" classname="com.mycompany.autotest.TestNGTest"/>
</testsuite> <!-- com.mycompany.autotest.TestNGTest -->
