<?xml version="1.0" encoding="UTF-8"?>
<!-- Generated by org.testng.reporters.JUnitReportReporter -->
<testsuite hostname="oros-Mac-mini-3.local" name="com.mycompany.autotest.TestNGTest" tests="1" failures="0" timestamp="5 Feb 2016 08:24:56 GMT" time="66.768" errors="0">
  <testcase name="testAuto" time="66.768" classname="com.mycompany.autotest.TestNGTest"/>
</testsuite> <!-- com.mycompany.autotest.TestNGTest -->
