<?xml version="1.0" encoding="UTF-8"?>
<!-- Generated by org.testng.reporters.JUnitReportReporter -->
<testsuite hostname="oros-Mac-mini-3.local" name="com.mycompany.autotest.TestNGTest" tests="1" failures="0" timestamp="3 Feb 2016 05:49:12 GMT" time="67.680" errors="0">
  <testcase name="testAuto" time="67.680" classname="com.mycompany.autotest.TestNGTest"/>
</testsuite> <!-- com.mycompany.autotest.TestNGTest -->
